\BOOKMARK [0][-]{chapter.1}{\376\377\000I\000n\000t\000r\000o\000d\000u\000c\000t\000i\000o\000n}{}% 1
\BOOKMARK [1][-]{section.1.1}{\376\377\000D\000e\000f\000i\000n\000i\000t\000i\000o\000n\000\040\000o\000f\000\040\000B\000i\000o\000d\000a\000n\000z\000a}{chapter.1}% 2
\BOOKMARK [2][-]{subsection.1.1.1}{\376\377\000V\000i\000v\000e\000n\000c\000i\000a}{section.1.1}% 3
\BOOKMARK [2][-]{subsection.1.1.2}{\376\377\000H\000u\000m\000a\000n\000\040\000I\000n\000t\000e\000g\000r\000a\000t\000i\000o\000n}{section.1.1}% 4
\BOOKMARK [2][-]{subsection.1.1.3}{\376\377\000O\000r\000g\000a\000n\000i\000c\000\040\000R\000e\000n\000e\000w\000a\000l}{section.1.1}% 5
\BOOKMARK [2][-]{subsection.1.1.4}{\376\377\000A\000f\000f\000e\000c\000t\000i\000v\000e\000\040\000R\000e\000-\000e\000d\000u\000c\000a\000t\000i\000o\000n}{section.1.1}% 6
\BOOKMARK [2][-]{subsection.1.1.5}{\376\377\000R\000e\000-\000l\000e\000a\000r\000n\000i\000n\000g\000\040\000o\000f\000\040\000t\000h\000e\000\040\000O\000r\000i\000g\000i\000n\000a\000l\000\040\000F\000u\000n\000c\000t\000i\000o\000n\000s\000\040\000o\000f\000\040\000L\000i\000f\000e}{section.1.1}% 7
\BOOKMARK [1][-]{section.1.2}{\376\377\000B\000i\000o\000c\000e\000n\000t\000r\000i\000c\000\040\000P\000r\000i\000n\000c\000i\000p\000l\000e}{chapter.1}% 8
\BOOKMARK [1][-]{section.1.3}{\376\377\000M\000o\000d\000e\000l\000\040\000o\000f\000\040\000B\000i\000o\000d\000a\000n\000z\000a}{chapter.1}% 9
\BOOKMARK [2][-]{subsection.1.3.1}{\376\377\000B\000i\000o\000l\000o\000g\000i\000c\000a\000l\000\040\000a\000s\000p\000e\000c\000t\000s\000\040\000o\000f\000\040\000b\000i\000o\000d\000a\000n\000z\000a}{section.1.3}% 10
\BOOKMARK [2][-]{subsection.1.3.2}{\376\377\000M\000e\000t\000h\000o\000d\000o\000l\000o\000g\000y\000\040\000o\000f\000\040\000B\000i\000o\000d\000a\000n\000z\000a}{section.1.3}% 11
\BOOKMARK [1][-]{section.1.4}{\376\377\000A\000i\000m\000s\000\040\000o\000f\000\040\000t\000h\000i\000s\000\040\000m\000o\000n\000o\000g\000r\000a\000p\000h}{chapter.1}% 12
\BOOKMARK [0][-]{chapter.2}{\376\377\000W\000h\000a\000t\000\040\000i\000s\000\040\000L\000i\000f\000e\000?}{}% 13
\BOOKMARK [1][-]{section.2.1}{\376\377\000S\000c\000h\000r\000\366\000d\000i\000n\000g\000e\000r\000\040\000a\000n\000d\000\040\000P\000r\000i\000g\000o\000g\000i\000n\000e\000:\000\040\000a\000\040\000T\000h\000e\000r\000m\000o\000d\000y\000n\000a\000m\000i\000c\000\040\000V\000i\000e\000w\000\040\000o\000f\000\040\000L\000i\000f\000e}{chapter.2}% 14
\BOOKMARK [1][-]{section.2.2}{\376\377\000d\000e\000\040\000D\000u\000v\000e\000:\000\040\000a\000\040\000B\000i\000o\000c\000h\000e\000m\000i\000c\000a\000l\000\040\000V\000i\000e\000w\000\040\000o\000f\000\040\000L\000i\000f\000e}{chapter.2}% 15
\BOOKMARK [2][-]{subsection.2.2.1}{\376\377\000L\000i\000f\000e\000\040\000i\000s\000\040\000O\000n\000e}{section.2.2}% 16
\BOOKMARK [2][-]{subsection.2.2.2}{\376\377\000L\000i\000f\000e\000\040\000i\000s\000\040\000C\000h\000e\000m\000i\000s\000t\000r\000y}{section.2.2}% 17
\BOOKMARK [2][-]{subsection.2.2.3}{\376\377\000L\000i\000f\000e\000\040\000i\000s\000\040\000I\000n\000f\000o\000r\000m\000a\000t\000i\000o\000n}{section.2.2}% 18
\BOOKMARK [1][-]{section.2.3}{\376\377\000M\000a\000t\000u\000r\000a\000n\000a\000\040\000a\000n\000d\000\040\000V\000a\000r\000e\000l\000a\000:\000\040\000a\000\040\000S\000y\000s\000t\000e\000m\000s\000\040\000V\000i\000e\000w\000\040\000o\000f\000\040\000L\000i\000f\000e}{chapter.2}% 19
\BOOKMARK [1][-]{section.2.4}{\376\377\000L\000i\000n\000k\000s\000\040\000t\000o\000\040\000V\000i\000t\000a\000l\000\040\000U\000n\000c\000o\000n\000c\000i\000o\000u\000s\000n\000e\000s\000s}{chapter.2}% 20
\BOOKMARK [1][-]{section.2.5}{\376\377\000L\000i\000n\000k\000s\000\040\000t\000o\000\040\000t\000h\000e\000\040\000B\000i\000o\000c\000e\000n\000t\000r\000i\000c\000\040\000P\000r\000i\000n\000c\000i\000p\000l\000e}{chapter.2}% 21
\BOOKMARK [0][-]{chapter.3}{\376\377\000P\000r\000i\000n\000c\000i\000p\000l\000e\000s\000\040\000o\000f\000\040\000C\000o\000s\000m\000i\000c\000\040\000L\000i\000f\000e\000\040\000a\000n\000d\000\040\000t\000h\000e\000\040\000G\000e\000n\000e\000s\000i\000s\000\040\000o\000f\000\040\000L\000i\000f\000e}{}% 22
\BOOKMARK [1][-]{section.3.1}{\376\377\000G\000e\000n\000e\000s\000i\000s\000\040\000o\000f\000\040\000U\000n\000i\000v\000e\000r\000s\000e}{chapter.3}% 23
\BOOKMARK [2][-]{subsection.3.1.1}{\376\377\000G\000e\000n\000e\000s\000i\000s\000\040\000o\000f\000\040\000S\000t\000a\000r\000s}{section.3.1}% 24
\BOOKMARK [2][-]{subsection.3.1.2}{\376\377\000C\000a\000r\000b\000o\000h\000y\000d\000r\000a\000t\000e\000s\000\040\000i\000n\000\040\000I\000n\000t\000e\000r\000s\000t\000e\000l\000l\000a\000r\000\040\000S\000p\000a\000c\000e}{section.3.1}% 25
\BOOKMARK [1][-]{section.3.2}{\376\377\000G\000e\000n\000e\000s\000i\000s\000\040\000o\000f\000\040\000L\000i\000f\000e}{chapter.3}% 26
\BOOKMARK [0][-]{chapter.4}{\376\377\000P\000h\000y\000l\000o\000g\000e\000n\000e\000s\000i\000s\000\040\000a\000n\000d\000\040\000E\000v\000o\000l\000u\000t\000i\000o\000n}{}% 27
\BOOKMARK [1][-]{section.4.1}{\376\377\000P\000h\000y\000l\000o\000g\000e\000n\000e\000s\000i\000s}{chapter.4}% 28
\BOOKMARK [2][-]{subsection.4.1.1}{\376\377\000T\000i\000m\000e\000s\000c\000a\000l\000e}{section.4.1}% 29
\BOOKMARK [2][-]{subsection.4.1.2}{\376\377\000C\000h\000a\000n\000g\000e\000\040\000P\000o\000i\000n\000t\000:\000\040\000G\000e\000n\000e\000s\000i\000s\000\040\000o\000f\000\040\000E\000u\000k\000a\000r\000y\000o\000t\000i\000c\000\040\000C\000e\000l\000l\000s}{section.4.1}% 30
\BOOKMARK [1][-]{section.4.2}{\376\377\000E\000v\000o\000l\000u\000t\000i\000o\000n}{chapter.4}% 31
\BOOKMARK [2][-]{subsection.4.2.1}{\376\377\000V\000a\000r\000i\000a\000b\000i\000l\000i\000t\000y\000\040\000a\000n\000d\000\040\000S\000e\000l\000e\000c\000t\000i\000o\000n}{section.4.2}% 32
\BOOKMARK [2][-]{subsection.4.2.2}{\376\377\000E\000v\000o\000l\000u\000t\000i\000o\000n}{section.4.2}% 33
\BOOKMARK [2][-]{subsection.4.2.3}{\376\377\000G\000e\000n\000e\000t\000i\000c\000\040\000D\000r\000i\000f\000t}{section.4.2}% 34
\BOOKMARK [2][-]{subsection.4.2.4}{\376\377\000H\000o\000r\000i\000z\000o\000n\000t\000a\000l\000\040\000G\000e\000n\000e\000\040\000T\000r\000a\000n\000s\000f\000e\000r}{section.4.2}% 35
\BOOKMARK [2][-]{subsection.4.2.5}{\376\377\000T\000e\000l\000e\000o\000n\000o\000m\000y}{section.4.2}% 36
\BOOKMARK [1][-]{section.4.3}{\376\377\000E\000v\000o\000l\000u\000t\000i\000o\000n\000\040\000o\000f\000\040\000E\000v\000o\000l\000u\000t\000i\000o\000n}{chapter.4}% 37
\BOOKMARK [0][-]{chapter.5}{\376\377\000O\000n\000t\000o\000g\000e\000n\000e\000s\000i\000s}{}% 38
\BOOKMARK [1][-]{section.5.1}{\376\377\000E\000p\000i\000g\000e\000n\000e\000t\000i\000c\000s}{chapter.5}% 39
\BOOKMARK [1][-]{section.5.2}{\376\377\000E\000p\000i\000g\000e\000n\000e\000t\000i\000c\000s\000\040\000d\000u\000r\000i\000n\000g\000\040\000e\000m\000b\000r\000y\000o\000n\000a\000l\000\040\000d\000e\000v\000e\000l\000o\000p\000m\000e\000n\000t}{chapter.5}% 40
\BOOKMARK [1][-]{section.5.3}{\376\377\000E\000p\000i\000g\000e\000n\000e\000t\000i\000c\000s\000\040\000a\000n\000d\000\040\000L\000e\000a\000r\000n\000i\000n\000g}{chapter.5}% 41
\BOOKMARK [2][-]{subsection.5.3.1}{\376\377\000D\000N\000A\000\040\000M\000e\000t\000h\000y\000l\000a\000t\000i\000o\000n\000\040\000a\000n\000d\000\040\000M\000e\000m\000o\000r\000y}{section.5.3}% 42
\BOOKMARK [2][-]{subsection.5.3.2}{\376\377\000H\000i\000s\000t\000o\000n\000e\000\040\000M\000o\000d\000i\000f\000i\000c\000a\000t\000i\000o\000n\000s\000\040\000a\000n\000d\000\040\000M\000e\000m\000o\000r\000y}{section.5.3}% 43
\BOOKMARK [2][-]{subsection.5.3.3}{\376\377\000H\000i\000s\000t\000o\000n\000\040\000V\000a\000r\000i\000a\000n\000t\000s\000\040\000a\000n\000d\000\040\000M\000e\000m\000o\000r\000y}{section.5.3}% 44
\BOOKMARK [1][-]{section.5.4}{\376\377\000E\000p\000i\000g\000e\000n\000e\000t\000i\000c\000s\000\040\000a\000n\000d\000\040\000A\000g\000i\000n\000g}{chapter.5}% 45
\BOOKMARK [1][-]{section.5.5}{\376\377\000E\000p\000i\000g\000e\000n\000e\000t\000i\000c\000s\000\040\000a\000n\000d\000\040\000S\000t\000r\000e\000s\000s}{chapter.5}% 46
\BOOKMARK [0][-]{chapter.6}{\376\377\000C\000o\000n\000c\000l\000u\000d\000i\000n\000g\000\040\000R\000e\000m\000a\000r\000k\000s\000:\000\040\000O\000n\000t\000o\000g\000e\000n\000e\000s\000i\000s\000\040\000i\000n\000\040\000B\000i\000o\000d\000a\000n\000z\000a}{}% 47
